Arguments: 
  F:\software\nodejs\node.exe F:\software\yarn\bin\yarn.js init

PATH: 
  F:\cmder\vendor\git-for-windows\mingw64\bin;F:\cmder\vendor\git-for-windows\usr\bin;C:\Users\steven\bin;C:\Windows\system32;C:\Windows;C:\Windows\System32\Wbem;C:\Windows\System32\WindowsPowerShell\v1.0;C:\Windows\System32\OpenSSH;F:\cmder;F:\software\yarn\bin;F:\software\nodejs;C:\Users\steven\AppData\Local\Microsoft\WindowsApps;C:\Users\steven\AppData\Local\Programs\Microsoft VS Code\bin;C:\Users\steven\AppData\Local\Yarn\bin;C:\Users\steven\AppData\Roaming\npm

Yarn version: 
  1.22.5

Node version: 
  16.13.0

Platform: 
  win32 x64

Trace: 
  Error: canceled
      at Interface.<anonymous> (F:\software\yarn\lib\cli.js:137009:13)
      at Interface.emit (node:events:390:28)
      at Interface._ttyWrite (node:readline:1081:16)
      at ReadStream.onkeypress (node:readline:288:10)
      at ReadStream.emit (node:events:390:28)
      at emitKeys (node:internal/readline/utils:358:14)
      at emitKeys.next (<anonymous>)
      at ReadStream.onData (node:internal/readline/emitKeypressEvents:61:36)
      at ReadStream.emit (node:events:390:28)
      at addChunk (node:internal/streams/readable:315:12)

npm manifest: 
  No manifest

yarn manifest: 
  No manifest

Lockfile: 
  No lockfile
